Arguments: 
  /Users/ybdev/.nvm/versions/node/v10.16.1/bin/node /Users/ybdev/.nvm/versions/node/v10.16.1/bin/yarn clean

PATH: 
  /Users/ybdev/.nvm/versions/node/v10.16.1/bin:/usr/local/bin:/usr/bin:/bin:/usr/sbin:/sbin:/Users/ybdev/.rvm/bin:/Users/ybdev/.rvm/bin

Yarn version: 
  1.17.3

Node version: 
  10.16.1

Platform: 
  darwin x64

Trace: 
  SyntaxError: /Users/ybdev/Desktop/dalton/gitstuff/package.json: Unexpected token } in JSON at position 148
      at JSON.parse (<anonymous>)
      at /Users/ybdev/.nvm/versions/node/v10.16.1/lib/node_modules/yarn/lib/cli.js:1625:59
      at Generator.next (<anonymous>)
      at step (/Users/ybdev/.nvm/versions/node/v10.16.1/lib/node_modules/yarn/lib/cli.js:304:30)
      at /Users/ybdev/.nvm/versions/node/v10.16.1/lib/node_modules/yarn/lib/cli.js:315:13

npm manifest: 
  {
    "name": "gitstuff",
    "version": "1.0.0",
    "main": "index.js",
    "license": "MIT",
    "dependencies": {
      "@fabien0102/git2json": "^1.4.0",
    }
  }

yarn manifest: 
  No manifest

Lockfile: 
  # THIS IS AN AUTOGENERATED FILE. DO NOT EDIT THIS FILE DIRECTLY.
  # yarn lockfile v1
  
  
  "@fabien0102/git2json@^1.4.0":
    version "1.4.0"
    resolved "https://registry.yarnpkg.com/@fabien0102/git2json/-/git2json-1.4.0.tgz#5a8e9e901b28d344a7a09acf3f3b77f4d84b374a"
    integrity sha512-qxV229fHZoL+qS6BgCd7y2MrWR1RhPQNYLgtMl0ZIdzAV3ivlzbZG3hSxOFdf/H8/AMyAfsQypQPX7KS73eB9A==
  
  add@^2.0.6:
    version "2.0.6"
    resolved "https://registry.yarnpkg.com/add/-/add-2.0.6.tgz#248f0a9f6e5a528ef2295dbeec30532130ae2235"
    integrity sha1-JI8Kn25aUo7yKV2+7DBTITCuIjU=
  
  yarn@^1.19.0:
    version "1.19.0"
    resolved "https://registry.yarnpkg.com/yarn/-/yarn-1.19.0.tgz#e4fb83762849a9545f95eb077fd0905f7ddae2f0"
    integrity sha512-QLiMoj+ZHo2kT17x1t7erO6gzR+9xSa5z7Lmei1qYM1Sj37wiIFv67kQcH+nkshsO0f03ImXClfkEKUgnsMreQ==
